TpTrace Verbose: 0 : 24384, 1, 2022/08/26, 00:13:46.141, 38372961795550, vstest.console.dll, Version: 16.11.0-release-20210730-02
TpTrace Information: 0 : 24384, 1, 2022/08/26, 00:13:46.157, 38372961936499, vstest.console.dll, FilePatternParser: The given file D:\Assignment\FeedProducts.Test\bin\Debug\netcoreapp3.1\fine-code-coverage\build-output\FeedProducts.Test.dll is a full path.
TpTrace Verbose: 0 : 24384, 1, 2022/08/26, 00:13:46.172, 38372962082294, vstest.console.dll, TestPluginCache.DiscoverTestExtensions: finding test extensions in assemblies ends with: RuntimeProvider.dll TPluginInfo: Microsoft.VisualStudio.TestPlatform.Common.ExtensionFramework.Utilities.TestRuntimePluginInformation TExtension: Microsoft.VisualStudio.TestPlatform.ObjectModel.Host.ITestRuntimeProvider
TpTrace Verbose: 0 : 24384, 1, 2022/08/26, 00:13:46.173, 38372962089688, vstest.console.dll, TestPluginCache.GetExtensionPaths: Filtered extension paths: 
TpTrace Verbose: 0 : 24384, 1, 2022/08/26, 00:13:46.173, 38372962092250, vstest.console.dll, TestPluginCache.GetExtensionPaths: Added default extension paths: C:\Program Files\dotnet\sdk\5.0.401\Extensions\Microsoft.Diagnostics.NETCore.Client.dll
C:\Program Files\dotnet\sdk\5.0.401\Extensions\Microsoft.TestPlatform.Extensions.BlameDataCollector.dll
C:\Program Files\dotnet\sdk\5.0.401\Extensions\Microsoft.TestPlatform.Extensions.EventLogCollector.dll
C:\Program Files\dotnet\sdk\5.0.401\Extensions\Microsoft.TestPlatform.TestHostRuntimeProvider.dll
C:\Program Files\dotnet\sdk\5.0.401\Extensions\Microsoft.VisualStudio.TestPlatform.Extensions.Html.TestLogger.dll
C:\Program Files\dotnet\sdk\5.0.401\Extensions\Microsoft.VisualStudio.TestPlatform.Extensions.Trx.TestLogger.dll
TpTrace Verbose: 0 : 24384, 1, 2022/08/26, 00:13:46.173, 38372962093908, vstest.console.dll, TestPluginCache.GetExtensionPaths: Added unfilterableExtensionPaths: 
TpTrace Information: 0 : 24384, 1, 2022/08/26, 00:13:46.175, 38372962110530, vstest.console.dll, AssemblyResolver.ctor: Creating AssemblyResolver with searchDirectories C:\Program Files\dotnet\sdk\5.0.401\Extensions,C:\Program Files\dotnet\sdk\5.0.401
TpTrace Verbose: 0 : 24384, 1, 2022/08/26, 00:13:46.177, 38372962133900, vstest.console.dll, TestPluginCache.DiscoverTestExtensions: Discovering the extensions using extension path.
TpTrace Verbose: 0 : 24384, 1, 2022/08/26, 00:13:46.178, 38372962136910, vstest.console.dll, TestPluginCache.GetExtensionPaths: Filtered extension paths: 
TpTrace Verbose: 0 : 24384, 1, 2022/08/26, 00:13:46.178, 38372962138500, vstest.console.dll, TestPluginCache.GetExtensionPaths: Added default extension paths: C:\Program Files\dotnet\sdk\5.0.401\Extensions\Microsoft.Diagnostics.NETCore.Client.dll
C:\Program Files\dotnet\sdk\5.0.401\Extensions\Microsoft.TestPlatform.Extensions.BlameDataCollector.dll
C:\Program Files\dotnet\sdk\5.0.401\Extensions\Microsoft.TestPlatform.Extensions.EventLogCollector.dll
C:\Program Files\dotnet\sdk\5.0.401\Extensions\Microsoft.TestPlatform.TestHostRuntimeProvider.dll
C:\Program Files\dotnet\sdk\5.0.401\Extensions\Microsoft.VisualStudio.TestPlatform.Extensions.Html.TestLogger.dll
C:\Program Files\dotnet\sdk\5.0.401\Extensions\Microsoft.VisualStudio.TestPlatform.Extensions.Trx.TestLogger.dll
TpTrace Verbose: 0 : 24384, 1, 2022/08/26, 00:13:46.178, 38372962139995, vstest.console.dll, TestPluginCache.GetExtensionPaths: Added unfilterableExtensionPaths: 
TpTrace Verbose: 0 : 24384, 1, 2022/08/26, 00:13:46.178, 38372962141890, vstest.console.dll, TestPluginCache.DiscoverTestExtensions: Discovering the extensions using allExtensionPaths: C:\Program Files\dotnet\sdk\5.0.401\Extensions\Microsoft.Diagnostics.NETCore.Client.dll
C:\Program Files\dotnet\sdk\5.0.401\Extensions\Microsoft.TestPlatform.Extensions.BlameDataCollector.dll
C:\Program Files\dotnet\sdk\5.0.401\Extensions\Microsoft.TestPlatform.Extensions.EventLogCollector.dll
C:\Program Files\dotnet\sdk\5.0.401\Extensions\Microsoft.TestPlatform.TestHostRuntimeProvider.dll
C:\Program Files\dotnet\sdk\5.0.401\Extensions\Microsoft.VisualStudio.TestPlatform.Extensions.Html.TestLogger.dll
C:\Program Files\dotnet\sdk\5.0.401\Extensions\Microsoft.VisualStudio.TestPlatform.Extensions.Trx.TestLogger.dll
TpTrace Information: 0 : 24384, 1, 2022/08/26, 00:13:46.178, 38372962145268, vstest.console.dll, AssemblyResolver.AddSearchDirectories: Adding more searchDirectories C:\Program Files\dotnet\sdk\5.0.401\Extensions,C:\Program Files\dotnet\sdk\5.0.401
TpTrace Information: 0 : 24384, 1, 2022/08/26, 00:13:46.179, 38372962147408, vstest.console.dll, AssemblyResolver.AddSearchDirectories: Adding more searchDirectories C:\Program Files\dotnet\sdk\5.0.401\Extensions,C:\Program Files\dotnet\sdk\5.0.401
TpTrace Information: 0 : 24384, 1, 2022/08/26, 00:13:46.179, 38372962149250, vstest.console.dll, AssemblyResolver.AddSearchDirectories: Adding more searchDirectories C:\Program Files\dotnet\sdk\5.0.401\Extensions,C:\Program Files\dotnet\sdk\5.0.401
TpTrace Information: 0 : 24384, 1, 2022/08/26, 00:13:46.179, 38372962150892, vstest.console.dll, AssemblyResolver.AddSearchDirectories: Adding more searchDirectories C:\Program Files\dotnet\sdk\5.0.401\Extensions,C:\Program Files\dotnet\sdk\5.0.401
TpTrace Information: 0 : 24384, 1, 2022/08/26, 00:13:46.179, 38372962152332, vstest.console.dll, AssemblyResolver.AddSearchDirectories: Adding more searchDirectories C:\Program Files\dotnet\sdk\5.0.401\Extensions,C:\Program Files\dotnet\sdk\5.0.401
TpTrace Information: 0 : 24384, 1, 2022/08/26, 00:13:46.179, 38372962153728, vstest.console.dll, AssemblyResolver.AddSearchDirectories: Adding more searchDirectories C:\Program Files\dotnet\sdk\5.0.401\Extensions,C:\Program Files\dotnet\sdk\5.0.401
TpTrace Information: 0 : 24384, 1, 2022/08/26, 00:13:46.180, 38372962159557, vstest.console.dll, AssemblyResolver.OnResolve: Microsoft.Diagnostics.NETCore.Client: Resolving assembly.
TpTrace Information: 0 : 24384, 1, 2022/08/26, 00:13:46.180, 38372962161749, vstest.console.dll, AssemblyResolver.OnResolve: Microsoft.Diagnostics.NETCore.Client: Searching in: 'C:\Program Files\dotnet\sdk\5.0.401\Extensions'.
TpTrace Information: 0 : 24384, 1, 2022/08/26, 00:13:46.181, 38372962169111, vstest.console.dll, AssemblyResolver.OnResolve: Microsoft.Diagnostics.NETCore.Client: Loading assembly 'C:\Program Files\dotnet\sdk\5.0.401\Extensions\Microsoft.Diagnostics.NETCore.Client.dll'.
TpTrace Information: 0 : 24384, 1, 2022/08/26, 00:13:46.182, 38372962185367, vstest.console.dll, AssemblyResolver.OnResolve: Resolved assembly: Microsoft.Diagnostics.NETCore.Client, from path: C:\Program Files\dotnet\sdk\5.0.401\Extensions\Microsoft.Diagnostics.NETCore.Client.dll
TpTrace Information: 0 : 24384, 1, 2022/08/26, 00:13:46.188, 38372962239316, vstest.console.dll, AssemblyResolver.OnResolve: Microsoft.Bcl.AsyncInterfaces: Resolving assembly.
TpTrace Information: 0 : 24384, 1, 2022/08/26, 00:13:46.188, 38372962241682, vstest.console.dll, AssemblyResolver.OnResolve: Microsoft.Bcl.AsyncInterfaces: Searching in: 'C:\Program Files\dotnet\sdk\5.0.401\Extensions'.
TpTrace Information: 0 : 24384, 1, 2022/08/26, 00:13:46.188, 38372962243932, vstest.console.dll, AssemblyResolver.OnResolve: Microsoft.Bcl.AsyncInterfaces: Assembly path does not exist: 'C:\Program Files\dotnet\sdk\5.0.401\Extensions\Microsoft.Bcl.AsyncInterfaces.dll', returning.
TpTrace Information: 0 : 24384, 1, 2022/08/26, 00:13:46.188, 38372962245757, vstest.console.dll, AssemblyResolver.OnResolve: Microsoft.Bcl.AsyncInterfaces: Assembly path does not exist: 'C:\Program Files\dotnet\sdk\5.0.401\Extensions\Microsoft.Bcl.AsyncInterfaces.exe', returning.
TpTrace Information: 0 : 24384, 1, 2022/08/26, 00:13:46.189, 38372962247214, vstest.console.dll, AssemblyResolver.OnResolve: Microsoft.Bcl.AsyncInterfaces: Searching in: 'C:\Program Files\dotnet\sdk\5.0.401'.
TpTrace Information: 0 : 24384, 1, 2022/08/26, 00:13:46.189, 38372962249011, vstest.console.dll, AssemblyResolver.OnResolve: Microsoft.Bcl.AsyncInterfaces: Assembly path does not exist: 'C:\Program Files\dotnet\sdk\5.0.401\Microsoft.Bcl.AsyncInterfaces.dll', returning.
TpTrace Information: 0 : 24384, 1, 2022/08/26, 00:13:46.189, 38372962251167, vstest.console.dll, AssemblyResolver.OnResolve: Microsoft.Bcl.AsyncInterfaces: Assembly path does not exist: 'C:\Program Files\dotnet\sdk\5.0.401\Microsoft.Bcl.AsyncInterfaces.exe', returning.
TpTrace Information: 0 : 24384, 1, 2022/08/26, 00:13:46.189, 38372962253325, vstest.console.dll, AssemblyResolver.OnResolve: Microsoft.Bcl.AsyncInterfaces: Failed to load assembly.
TpTrace Verbose: 0 : 24384, 1, 2022/08/26, 00:13:46.189, 38372962255717, vstest.console.dll, CurrentDomainAssemblyResolve: Resolving assembly 'Microsoft.Bcl.AsyncInterfaces'.
TpTrace Information: 0 : 24384, 1, 2022/08/26, 00:13:46.190, 38372962257729, vstest.console.dll, AssemblyResolver.OnResolve: Microsoft.Bcl.AsyncInterfaces: Resolving assembly.
TpTrace Information: 0 : 24384, 1, 2022/08/26, 00:13:46.190, 38372962259494, vstest.console.dll, AssemblyResolver.OnResolve: Microsoft.Bcl.AsyncInterfaces: Resolved from cache.
TpTrace Verbose: 0 : 24384, 1, 2022/08/26, 00:13:46.190, 38372962261036, vstest.console.dll, CurrentDomainAssemblyResolve: Resolving assembly 'Microsoft.Bcl.AsyncInterfaces'.
TpTrace Verbose: 0 : 24384, 1, 2022/08/26, 00:13:46.190, 38372962262578, vstest.console.dll, CurrentDomainAssemblyResolve: Failed to resolve assembly 'Microsoft.Bcl.AsyncInterfaces'.
TpTrace Verbose: 0 : 24384, 1, 2022/08/26, 00:13:46.191, 38372962276616, vstest.console.dll, CurrentDomainAssemblyResolve: Failed to resolve assembly 'Microsoft.Bcl.AsyncInterfaces'.
TpTrace Warning: 0 : 24384, 1, 2022/08/26, 00:13:46.215, 38372962513117, vstest.console.dll, TestPluginDiscoverer: Failed to get types from assembly 'Microsoft.Diagnostics.NETCore.Client, Version=0.2.2.41902, Culture=neutral, PublicKeyToken=31bf3856ad364e35'.  Skipping test extension scan for this assembly.  Error: System.Reflection.ReflectionTypeLoadException: Unable to load one or more of the requested types.
Could not load file or assembly 'Microsoft.Bcl.AsyncInterfaces, Version=1.0.0.0, Culture=neutral, PublicKeyToken=cc7b13ffcd2ddd51'. The system cannot find the file specified.
   at System.Reflection.RuntimeModule.GetTypes(RuntimeModule module)
   at System.Reflection.RuntimeModule.GetTypes()
   at System.Reflection.Assembly.GetTypes()
   at Microsoft.VisualStudio.TestPlatform.Common.ExtensionFramework.TestPluginDiscoverer.GetTestExtensionsFromAssembly[TPluginInfo,TExtension](Assembly assembly, Dictionary`2 pluginInfos)
System.IO.FileNotFoundException: Could not load file or assembly 'Microsoft.Bcl.AsyncInterfaces, Version=1.0.0.0, Culture=neutral, PublicKeyToken=cc7b13ffcd2ddd51'. The system cannot find the file specified.
File name: 'Microsoft.Bcl.AsyncInterfaces, Version=1.0.0.0, Culture=neutral, PublicKeyToken=cc7b13ffcd2ddd51'
TpTrace Warning: 0 : 24384, 1, 2022/08/26, 00:13:46.215, 38372962516343, vstest.console.dll, LoaderExceptions: System.IO.FileNotFoundException: Could not load file or assembly 'Microsoft.Bcl.AsyncInterfaces, Version=1.0.0.0, Culture=neutral, PublicKeyToken=cc7b13ffcd2ddd51'. The system cannot find the file specified.
File name: 'Microsoft.Bcl.AsyncInterfaces, Version=1.0.0.0, Culture=neutral, PublicKeyToken=cc7b13ffcd2ddd51'
TpTrace Information: 0 : 24384, 1, 2022/08/26, 00:13:46.216, 38372962518748, vstest.console.dll, AssemblyResolver.OnResolve: Microsoft.TestPlatform.Extensions.BlameDataCollector: Resolving assembly.
TpTrace Information: 0 : 24384, 1, 2022/08/26, 00:13:46.216, 38372962520411, vstest.console.dll, AssemblyResolver.OnResolve: Microsoft.TestPlatform.Extensions.BlameDataCollector: Searching in: 'C:\Program Files\dotnet\sdk\5.0.401\Extensions'.
TpTrace Information: 0 : 24384, 1, 2022/08/26, 00:13:46.216, 38372962525599, vstest.console.dll, AssemblyResolver.OnResolve: Microsoft.TestPlatform.Extensions.BlameDataCollector: Loading assembly 'C:\Program Files\dotnet\sdk\5.0.401\Extensions\Microsoft.TestPlatform.Extensions.BlameDataCollector.dll'.
TpTrace Information: 0 : 24384, 1, 2022/08/26, 00:13:46.218, 38372962541600, vstest.console.dll, AssemblyResolver.OnResolve: Resolved assembly: Microsoft.TestPlatform.Extensions.BlameDataCollector, from path: C:\Program Files\dotnet\sdk\5.0.401\Extensions\Microsoft.TestPlatform.Extensions.BlameDataCollector.dll
TpTrace Information: 0 : 24384, 1, 2022/08/26, 00:13:46.219, 38372962550223, vstest.console.dll, AssemblyResolver.OnResolve: Microsoft.TestPlatform.Extensions.EventLogCollector: Resolving assembly.
TpTrace Information: 0 : 24384, 1, 2022/08/26, 00:13:46.219, 38372962551998, vstest.console.dll, AssemblyResolver.OnResolve: Microsoft.TestPlatform.Extensions.EventLogCollector: Searching in: 'C:\Program Files\dotnet\sdk\5.0.401\Extensions'.
TpTrace Information: 0 : 24384, 1, 2022/08/26, 00:13:46.220, 38372962557040, vstest.console.dll, AssemblyResolver.OnResolve: Microsoft.TestPlatform.Extensions.EventLogCollector: Loading assembly 'C:\Program Files\dotnet\sdk\5.0.401\Extensions\Microsoft.TestPlatform.Extensions.EventLogCollector.dll'.
TpTrace Information: 0 : 24384, 1, 2022/08/26, 00:13:46.220, 38372962564328, vstest.console.dll, AssemblyResolver.OnResolve: Resolved assembly: Microsoft.TestPlatform.Extensions.EventLogCollector, from path: C:\Program Files\dotnet\sdk\5.0.401\Extensions\Microsoft.TestPlatform.Extensions.EventLogCollector.dll
TpTrace Information: 0 : 24384, 1, 2022/08/26, 00:13:46.223, 38372962595498, vstest.console.dll, AssemblyResolver.OnResolve: Microsoft.TestPlatform.TestHostRuntimeProvider: Resolving assembly.
TpTrace Information: 0 : 24384, 1, 2022/08/26, 00:13:46.224, 38372962597572, vstest.console.dll, AssemblyResolver.OnResolve: Microsoft.TestPlatform.TestHostRuntimeProvider: Searching in: 'C:\Program Files\dotnet\sdk\5.0.401\Extensions'.
TpTrace Information: 0 : 24384, 1, 2022/08/26, 00:13:46.224, 38372962602486, vstest.console.dll, AssemblyResolver.OnResolve: Microsoft.TestPlatform.TestHostRuntimeProvider: Loading assembly 'C:\Program Files\dotnet\sdk\5.0.401\Extensions\Microsoft.TestPlatform.TestHostRuntimeProvider.dll'.
TpTrace Information: 0 : 24384, 1, 2022/08/26, 00:13:46.226, 38372962616786, vstest.console.dll, AssemblyResolver.OnResolve: Resolved assembly: Microsoft.TestPlatform.TestHostRuntimeProvider, from path: C:\Program Files\dotnet\sdk\5.0.401\Extensions\Microsoft.TestPlatform.TestHostRuntimeProvider.dll
TpTrace Information: 0 : 24384, 1, 2022/08/26, 00:13:46.227, 38372962632810, vstest.console.dll, AssemblyResolver.OnResolve: Microsoft.VisualStudio.TestPlatform.Extensions.Html.TestLogger: Resolving assembly.
TpTrace Information: 0 : 24384, 1, 2022/08/26, 00:13:46.227, 38372962634695, vstest.console.dll, AssemblyResolver.OnResolve: Microsoft.VisualStudio.TestPlatform.Extensions.Html.TestLogger: Searching in: 'C:\Program Files\dotnet\sdk\5.0.401\Extensions'.
TpTrace Information: 0 : 24384, 1, 2022/08/26, 00:13:46.228, 38372962639673, vstest.console.dll, AssemblyResolver.OnResolve: Microsoft.VisualStudio.TestPlatform.Extensions.Html.TestLogger: Loading assembly 'C:\Program Files\dotnet\sdk\5.0.401\Extensions\Microsoft.VisualStudio.TestPlatform.Extensions.Html.TestLogger.dll'.
TpTrace Information: 0 : 24384, 1, 2022/08/26, 00:13:46.229, 38372962654029, vstest.console.dll, AssemblyResolver.OnResolve: Resolved assembly: Microsoft.VisualStudio.TestPlatform.Extensions.Html.TestLogger, from path: C:\Program Files\dotnet\sdk\5.0.401\Extensions\Microsoft.VisualStudio.TestPlatform.Extensions.Html.TestLogger.dll
TpTrace Information: 0 : 24384, 1, 2022/08/26, 00:13:46.230, 38372962660075, vstest.console.dll, AssemblyResolver.OnResolve: Microsoft.VisualStudio.TestPlatform.Extensions.Trx.TestLogger: Resolving assembly.
TpTrace Information: 0 : 24384, 1, 2022/08/26, 00:13:46.230, 38372962662190, vstest.console.dll, AssemblyResolver.OnResolve: Microsoft.VisualStudio.TestPlatform.Extensions.Trx.TestLogger: Searching in: 'C:\Program Files\dotnet\sdk\5.0.401\Extensions'.
TpTrace Information: 0 : 24384, 1, 2022/08/26, 00:13:46.231, 38372962669210, vstest.console.dll, AssemblyResolver.OnResolve: Microsoft.VisualStudio.TestPlatform.Extensions.Trx.TestLogger: Loading assembly 'C:\Program Files\dotnet\sdk\5.0.401\Extensions\Microsoft.VisualStudio.TestPlatform.Extensions.Trx.TestLogger.dll'.
TpTrace Information: 0 : 24384, 1, 2022/08/26, 00:13:46.233, 38372962689727, vstest.console.dll, AssemblyResolver.OnResolve: Resolved assembly: Microsoft.VisualStudio.TestPlatform.Extensions.Trx.TestLogger, from path: C:\Program Files\dotnet\sdk\5.0.401\Extensions\Microsoft.VisualStudio.TestPlatform.Extensions.Trx.TestLogger.dll
TpTrace Verbose: 0 : 24384, 1, 2022/08/26, 00:13:46.234, 38372962700980, vstest.console.dll, TestPluginCache: Discovered the extensions using extension path ''.
TpTrace Verbose: 0 : 24384, 1, 2022/08/26, 00:13:46.234, 38372962703536, vstest.console.dll, TestPluginCache: Discoverers are ''.
TpTrace Verbose: 0 : 24384, 1, 2022/08/26, 00:13:46.234, 38372962705656, vstest.console.dll, TestPluginCache: Executors are ''.
TpTrace Verbose: 0 : 24384, 1, 2022/08/26, 00:13:46.235, 38372962707748, vstest.console.dll, TestPluginCache: Executors2 are ''.
TpTrace Verbose: 0 : 24384, 1, 2022/08/26, 00:13:46.235, 38372962709851, vstest.console.dll, TestPluginCache: Setting providers are ''.
TpTrace Verbose: 0 : 24384, 1, 2022/08/26, 00:13:46.235, 38372962711963, vstest.console.dll, TestPluginCache: Loggers are ''.
TpTrace Information: 0 : 24384, 1, 2022/08/26, 00:13:46.243, 38372962791407, vstest.console.dll, RunTestsArgumentProcessor:Execute: Test run is starting.
TpTrace Verbose: 0 : 24384, 1, 2022/08/26, 00:13:46.243, 38372962793636, vstest.console.dll, RunTestsArgumentProcessor:Execute: Queuing Test run.
TpTrace Information: 0 : 24384, 1, 2022/08/26, 00:13:46.244, 38372962796975, vstest.console.dll, TestRequestManager.RunTests: run tests started.
TpTrace Information: 0 : 24384, 1, 2022/08/26, 00:13:46.248, 38372962840055, vstest.console.dll, AssemblyMetadataProvider.GetFrameWork: Determined framework:'.NETCoreApp,Version=v3.1' for source: 'D:\Assignment\FeedProducts.Test\bin\Debug\netcoreapp3.1\fine-code-coverage\build-output\FeedProducts.Test.dll'
TpTrace Information: 0 : 24384, 1, 2022/08/26, 00:13:46.248, 38372962843903, vstest.console.dll, Determined framework for all sources: .NETCoreApp,Version=v3.1
TpTrace Information: 0 : 24384, 1, 2022/08/26, 00:13:46.249, 38372962850922, vstest.console.dll, AssemblyMetadataProvider.GetArchitecture: Determined architecture:AnyCPU info for assembly: D:\Assignment\FeedProducts.Test\bin\Debug\netcoreapp3.1\fine-code-coverage\build-output\FeedProducts.Test.dll
TpTrace Information: 0 : 24384, 1, 2022/08/26, 00:13:46.252, 38372962876812, vstest.console.dll, Determined platform for all sources: X64
TpTrace Information: 0 : 24384, 1, 2022/08/26, 00:13:46.255, 38372962916153, vstest.console.dll, Compatible sources list : 
TpTrace Information: 0 : 24384, 1, 2022/08/26, 00:13:46.256, 38372962918716, vstest.console.dll, D:\Assignment\FeedProducts.Test\bin\Debug\netcoreapp3.1\fine-code-coverage\build-output\FeedProducts.Test.dll
TpTrace Information: 0 : 24384, 1, 2022/08/26, 00:13:46.259, 38372962947615, vstest.console.dll, InferRunSettingsHelper.IsTestSettingsEnabled: Unable to navigate to RunSettings/MSTest. Current node: RunSettings
TpTrace Information: 0 : 24384, 1, 2022/08/26, 00:13:46.260, 38372962957074, vstest.console.dll, AssemblyResolver.OnResolve: Microsoft.VisualStudio.TestPlatform.Fakes: Resolving assembly.
TpTrace Information: 0 : 24384, 1, 2022/08/26, 00:13:46.260, 38372962959182, vstest.console.dll, AssemblyResolver.OnResolve: Microsoft.VisualStudio.TestPlatform.Fakes: Searching in: 'C:\Program Files\dotnet\sdk\5.0.401\Extensions'.
TpTrace Information: 0 : 24384, 1, 2022/08/26, 00:13:46.260, 38372962961435, vstest.console.dll, AssemblyResolver.OnResolve: Microsoft.VisualStudio.TestPlatform.Fakes: Assembly path does not exist: 'C:\Program Files\dotnet\sdk\5.0.401\Extensions\Microsoft.VisualStudio.TestPlatform.Fakes.dll', returning.
TpTrace Information: 0 : 24384, 1, 2022/08/26, 00:13:46.260, 38372962963401, vstest.console.dll, AssemblyResolver.OnResolve: Microsoft.VisualStudio.TestPlatform.Fakes: Assembly path does not exist: 'C:\Program Files\dotnet\sdk\5.0.401\Extensions\Microsoft.VisualStudio.TestPlatform.Fakes.exe', returning.
TpTrace Information: 0 : 24384, 1, 2022/08/26, 00:13:46.260, 38372962964879, vstest.console.dll, AssemblyResolver.OnResolve: Microsoft.VisualStudio.TestPlatform.Fakes: Searching in: 'C:\Program Files\dotnet\sdk\5.0.401'.
TpTrace Information: 0 : 24384, 1, 2022/08/26, 00:13:46.261, 38372962966749, vstest.console.dll, AssemblyResolver.OnResolve: Microsoft.VisualStudio.TestPlatform.Fakes: Assembly path does not exist: 'C:\Program Files\dotnet\sdk\5.0.401\Microsoft.VisualStudio.TestPlatform.Fakes.dll', returning.
TpTrace Information: 0 : 24384, 1, 2022/08/26, 00:13:46.261, 38372962968576, vstest.console.dll, AssemblyResolver.OnResolve: Microsoft.VisualStudio.TestPlatform.Fakes: Assembly path does not exist: 'C:\Program Files\dotnet\sdk\5.0.401\Microsoft.VisualStudio.TestPlatform.Fakes.exe', returning.
TpTrace Information: 0 : 24384, 1, 2022/08/26, 00:13:46.261, 38372962970062, vstest.console.dll, AssemblyResolver.OnResolve: Microsoft.VisualStudio.TestPlatform.Fakes: Failed to load assembly.
TpTrace Information: 0 : 24384, 1, 2022/08/26, 00:13:46.262, 38372962976837, vstest.console.dll, Failed to create newly implemented Fakes Configurator. Reason:System.IO.FileNotFoundException: Could not load file or assembly 'Microsoft.VisualStudio.TestPlatform.Fakes, Version=16.0.0.0, Culture=neutral, PublicKeyToken=null'. The system cannot find the file specified.
File name: 'Microsoft.VisualStudio.TestPlatform.Fakes, Version=16.0.0.0, Culture=neutral, PublicKeyToken=null'
   at System.Reflection.RuntimeAssembly.InternalLoad(ObjectHandleOnStack assemblyName, ObjectHandleOnStack requestingAssembly, StackCrawlMarkHandle stackMark, Boolean throwOnFileNotFound, ObjectHandleOnStack assemblyLoadContext, ObjectHandleOnStack retAssembly)
   at System.Reflection.RuntimeAssembly.InternalLoad(AssemblyName assemblyName, RuntimeAssembly requestingAssembly, StackCrawlMark& stackMark, Boolean throwOnFileNotFound, AssemblyLoadContext assemblyLoadContext)
   at System.Reflection.Assembly.Load(AssemblyName assemblyRef)
   at Microsoft.VisualStudio.TestPlatform.Common.Utilities.FakesUtilities.TryGetFakesCrossPlatformDataCollectorConfigurator() 
TpTrace Verbose: 0 : 24384, 1, 2022/08/26, 00:13:46.267, 38372963026704, vstest.console.dll, TestPluginCache.DiscoverTestExtensions: finding test extensions in assemblies ends with: TestLogger.dll TPluginInfo: Microsoft.VisualStudio.TestPlatform.Common.ExtensionFramework.Utilities.TestLoggerPluginInformation TExtension: Microsoft.VisualStudio.TestPlatform.ObjectModel.Client.ITestLogger
TpTrace Verbose: 0 : 24384, 1, 2022/08/26, 00:13:46.267, 38372963029006, vstest.console.dll, TestPluginCache.GetExtensionPaths: Filtered extension paths: 
TpTrace Verbose: 0 : 24384, 1, 2022/08/26, 00:13:46.267, 38372963030495, vstest.console.dll, TestPluginCache.GetExtensionPaths: Added default extension paths: C:\Program Files\dotnet\sdk\5.0.401\Extensions\Microsoft.Diagnostics.NETCore.Client.dll
C:\Program Files\dotnet\sdk\5.0.401\Extensions\Microsoft.TestPlatform.Extensions.BlameDataCollector.dll
C:\Program Files\dotnet\sdk\5.0.401\Extensions\Microsoft.TestPlatform.Extensions.EventLogCollector.dll
C:\Program Files\dotnet\sdk\5.0.401\Extensions\Microsoft.TestPlatform.TestHostRuntimeProvider.dll
C:\Program Files\dotnet\sdk\5.0.401\Extensions\Microsoft.VisualStudio.TestPlatform.Extensions.Html.TestLogger.dll
C:\Program Files\dotnet\sdk\5.0.401\Extensions\Microsoft.VisualStudio.TestPlatform.Extensions.Trx.TestLogger.dll
TpTrace Verbose: 0 : 24384, 1, 2022/08/26, 00:13:46.267, 38372963031938, vstest.console.dll, TestPluginCache.GetExtensionPaths: Added unfilterableExtensionPaths: 
TpTrace Information: 0 : 24384, 1, 2022/08/26, 00:13:46.267, 38372963035274, vstest.console.dll, AssemblyResolver.AddSearchDirectories: Adding more searchDirectories C:\Program Files\dotnet\sdk\5.0.401\Extensions,C:\Program Files\dotnet\sdk\5.0.401
TpTrace Verbose: 0 : 24384, 1, 2022/08/26, 00:13:46.268, 38372963037186, vstest.console.dll, TestPluginCache.DiscoverTestExtensions: Discovering the extensions using extension path.
TpTrace Verbose: 0 : 24384, 1, 2022/08/26, 00:13:46.268, 38372963038846, vstest.console.dll, TestPluginCache.GetExtensionPaths: Filtered extension paths: 
TpTrace Verbose: 0 : 24384, 1, 2022/08/26, 00:13:46.268, 38372963040457, vstest.console.dll, TestPluginCache.GetExtensionPaths: Added default extension paths: C:\Program Files\dotnet\sdk\5.0.401\Extensions\Microsoft.Diagnostics.NETCore.Client.dll
C:\Program Files\dotnet\sdk\5.0.401\Extensions\Microsoft.TestPlatform.Extensions.BlameDataCollector.dll
C:\Program Files\dotnet\sdk\5.0.401\Extensions\Microsoft.TestPlatform.Extensions.EventLogCollector.dll
C:\Program Files\dotnet\sdk\5.0.401\Extensions\Microsoft.TestPlatform.TestHostRuntimeProvider.dll
C:\Program Files\dotnet\sdk\5.0.401\Extensions\Microsoft.VisualStudio.TestPlatform.Extensions.Html.TestLogger.dll
C:\Program Files\dotnet\sdk\5.0.401\Extensions\Microsoft.VisualStudio.TestPlatform.Extensions.Trx.TestLogger.dll
TpTrace Verbose: 0 : 24384, 1, 2022/08/26, 00:13:46.268, 38372963042107, vstest.console.dll, TestPluginCache.GetExtensionPaths: Added unfilterableExtensionPaths: 
TpTrace Verbose: 0 : 24384, 1, 2022/08/26, 00:13:46.268, 38372963043763, vstest.console.dll, TestPluginCache.DiscoverTestExtensions: Discovering the extensions using allExtensionPaths: C:\Program Files\dotnet\sdk\5.0.401\Extensions\Microsoft.Diagnostics.NETCore.Client.dll
C:\Program Files\dotnet\sdk\5.0.401\Extensions\Microsoft.TestPlatform.Extensions.BlameDataCollector.dll
C:\Program Files\dotnet\sdk\5.0.401\Extensions\Microsoft.TestPlatform.Extensions.EventLogCollector.dll
C:\Program Files\dotnet\sdk\5.0.401\Extensions\Microsoft.TestPlatform.TestHostRuntimeProvider.dll
C:\Program Files\dotnet\sdk\5.0.401\Extensions\Microsoft.VisualStudio.TestPlatform.Extensions.Html.TestLogger.dll
C:\Program Files\dotnet\sdk\5.0.401\Extensions\Microsoft.VisualStudio.TestPlatform.Extensions.Trx.TestLogger.dll
TpTrace Information: 0 : 24384, 1, 2022/08/26, 00:13:46.268, 38372963045616, vstest.console.dll, AssemblyResolver.AddSearchDirectories: Adding more searchDirectories C:\Program Files\dotnet\sdk\5.0.401\Extensions,C:\Program Files\dotnet\sdk\5.0.401
TpTrace Information: 0 : 24384, 1, 2022/08/26, 00:13:46.269, 38372963047277, vstest.console.dll, AssemblyResolver.AddSearchDirectories: Adding more searchDirectories C:\Program Files\dotnet\sdk\5.0.401\Extensions,C:\Program Files\dotnet\sdk\5.0.401
TpTrace Information: 0 : 24384, 1, 2022/08/26, 00:13:46.269, 38372963048881, vstest.console.dll, AssemblyResolver.AddSearchDirectories: Adding more searchDirectories C:\Program Files\dotnet\sdk\5.0.401\Extensions,C:\Program Files\dotnet\sdk\5.0.401
TpTrace Information: 0 : 24384, 1, 2022/08/26, 00:13:46.269, 38372963050553, vstest.console.dll, AssemblyResolver.AddSearchDirectories: Adding more searchDirectories C:\Program Files\dotnet\sdk\5.0.401\Extensions,C:\Program Files\dotnet\sdk\5.0.401
TpTrace Information: 0 : 24384, 1, 2022/08/26, 00:13:46.269, 38372963052166, vstest.console.dll, AssemblyResolver.AddSearchDirectories: Adding more searchDirectories C:\Program Files\dotnet\sdk\5.0.401\Extensions,C:\Program Files\dotnet\sdk\5.0.401
TpTrace Information: 0 : 24384, 1, 2022/08/26, 00:13:46.269, 38372963053910, vstest.console.dll, AssemblyResolver.AddSearchDirectories: Adding more searchDirectories C:\Program Files\dotnet\sdk\5.0.401\Extensions,C:\Program Files\dotnet\sdk\5.0.401
TpTrace Information: 0 : 24384, 1, 2022/08/26, 00:13:46.270, 38372963058330, vstest.console.dll, AssemblyResolver.OnResolve: Microsoft.Bcl.AsyncInterfaces: Resolving assembly.
TpTrace Information: 0 : 24384, 1, 2022/08/26, 00:13:46.270, 38372963059889, vstest.console.dll, AssemblyResolver.OnResolve: Microsoft.Bcl.AsyncInterfaces: Resolved from cache.
TpTrace Verbose: 0 : 24384, 1, 2022/08/26, 00:13:46.270, 38372963061320, vstest.console.dll, CurrentDomainAssemblyResolve: Resolving assembly 'Microsoft.Bcl.AsyncInterfaces'.
TpTrace Information: 0 : 24384, 1, 2022/08/26, 00:13:46.270, 38372963063092, vstest.console.dll, AssemblyResolver.OnResolve: Microsoft.Bcl.AsyncInterfaces: Resolving assembly.
TpTrace Information: 0 : 24384, 1, 2022/08/26, 00:13:46.270, 38372963064750, vstest.console.dll, AssemblyResolver.OnResolve: Microsoft.Bcl.AsyncInterfaces: Resolved from cache.
TpTrace Verbose: 0 : 24384, 1, 2022/08/26, 00:13:46.270, 38372963066231, vstest.console.dll, CurrentDomainAssemblyResolve: Resolving assembly 'Microsoft.Bcl.AsyncInterfaces'.
TpTrace Verbose: 0 : 24384, 1, 2022/08/26, 00:13:46.271, 38372963067618, vstest.console.dll, CurrentDomainAssemblyResolve: Failed to resolve assembly 'Microsoft.Bcl.AsyncInterfaces'.
TpTrace Verbose: 0 : 24384, 1, 2022/08/26, 00:13:46.271, 38372963071661, vstest.console.dll, CurrentDomainAssemblyResolve: Failed to resolve assembly 'Microsoft.Bcl.AsyncInterfaces'.
TpTrace Warning: 0 : 24384, 1, 2022/08/26, 00:13:46.272, 38372963080756, vstest.console.dll, TestPluginDiscoverer: Failed to get types from assembly 'Microsoft.Diagnostics.NETCore.Client, Version=0.2.2.41902, Culture=neutral, PublicKeyToken=31bf3856ad364e35'.  Skipping test extension scan for this assembly.  Error: System.Reflection.ReflectionTypeLoadException: Unable to load one or more of the requested types.
Could not load file or assembly 'Microsoft.Bcl.AsyncInterfaces, Version=1.0.0.0, Culture=neutral, PublicKeyToken=cc7b13ffcd2ddd51'. The system cannot find the file specified.
   at System.Reflection.RuntimeModule.GetTypes(RuntimeModule module)
   at System.Reflection.RuntimeModule.GetTypes()
   at System.Reflection.Assembly.GetTypes()
   at Microsoft.VisualStudio.TestPlatform.Common.ExtensionFramework.TestPluginDiscoverer.GetTestExtensionsFromAssembly[TPluginInfo,TExtension](Assembly assembly, Dictionary`2 pluginInfos)
System.IO.FileNotFoundException: Could not load file or assembly 'Microsoft.Bcl.AsyncInterfaces, Version=1.0.0.0, Culture=neutral, PublicKeyToken=cc7b13ffcd2ddd51'. The system cannot find the file specified.
File name: 'Microsoft.Bcl.AsyncInterfaces, Version=1.0.0.0, Culture=neutral, PublicKeyToken=cc7b13ffcd2ddd51'
TpTrace Warning: 0 : 24384, 1, 2022/08/26, 00:13:46.272, 38372963083057, vstest.console.dll, LoaderExceptions: System.IO.FileNotFoundException: Could not load file or assembly 'Microsoft.Bcl.AsyncInterfaces, Version=1.0.0.0, Culture=neutral, PublicKeyToken=cc7b13ffcd2ddd51'. The system cannot find the file specified.
File name: 'Microsoft.Bcl.AsyncInterfaces, Version=1.0.0.0, Culture=neutral, PublicKeyToken=cc7b13ffcd2ddd51'
TpTrace Verbose: 0 : 24384, 1, 2022/08/26, 00:13:46.273, 38372963091146, vstest.console.dll, TestPluginCache: Discovered the extensions using extension path ''.
TpTrace Verbose: 0 : 24384, 1, 2022/08/26, 00:13:46.273, 38372963093474, vstest.console.dll, TestPluginCache: Discoverers are ''.
TpTrace Verbose: 0 : 24384, 1, 2022/08/26, 00:13:46.273, 38372963095479, vstest.console.dll, TestPluginCache: Executors are ''.
TpTrace Verbose: 0 : 24384, 1, 2022/08/26, 00:13:46.274, 38372963097294, vstest.console.dll, TestPluginCache: Executors2 are ''.
TpTrace Verbose: 0 : 24384, 1, 2022/08/26, 00:13:46.274, 38372963099083, vstest.console.dll, TestPluginCache: Setting providers are ''.
TpTrace Verbose: 0 : 24384, 1, 2022/08/26, 00:13:46.274, 38372963101588, vstest.console.dll, TestPluginCache: Loggers are 'logger://Microsoft/TestPlatform/Extensions/Blame/v1,logger://Microsoft/TestPlatform/HtmlLogger/v1,logger://Microsoft/TestPlatform/TrxLogger/v1'.
TpTrace Information: 0 : 24384, 1, 2022/08/26, 00:13:46.275, 38372963116029, vstest.console.dll, TestPluginManager.CreateTestExtension: Attempting to load test extension: Microsoft.TestPlatform.Extensions.BlameDataCollector.BlameLogger
TpTrace Information: 0 : 24384, 1, 2022/08/26, 00:13:46.288, 38372963245039, vstest.console.dll, TestPluginManager.CreateTestExtension: Attempting to load test extension: Microsoft.VisualStudio.TestPlatform.CrossPlatEngine.Hosting.DefaultTestHostManager
TpTrace Information: 0 : 24384, 1, 2022/08/26, 00:13:46.289, 38372963249594, vstest.console.dll, TestPluginManager.CreateTestExtension: Attempting to load test extension: Microsoft.VisualStudio.TestPlatform.CrossPlatEngine.Hosting.DotnetTestHostManager
TpTrace Verbose: 0 : 24384, 1, 2022/08/26, 00:13:46.290, 38372963258650, vstest.console.dll, TestEngine: Initializing Parallel Execution as MaxCpuCount is set to: 1
TpTrace Information: 0 : 24384, 1, 2022/08/26, 00:13:46.290, 38372963265677, vstest.console.dll, InferRunSettingsHelper.IsTestSettingsEnabled: Unable to navigate to RunSettings/MSTest. Current node: RunSettings
TpTrace Verbose: 0 : 24384, 1, 2022/08/26, 00:13:46.308, 38372963443611, vstest.console.dll, TestRequestSender is acting as server
TpTrace Verbose: 0 : 24384, 4, 2022/08/26, 00:13:46.313, 38372963488272, vstest.console.dll, DataCollectionRequestSender.InitializeCommunication : Initialize communication. 
TpTrace Information: 0 : 24384, 4, 2022/08/26, 00:13:46.337, 38372963728229, vstest.console.dll, Listening on Endpoint : 127.0.0.1:54428
TpTrace Verbose: 0 : 24384, 4, 2022/08/26, 00:13:46.355, 38372963915149, vstest.console.dll, DotnetDataCollectionLauncher: Full path of dotnet.exe is C:\Program Files\dotnet\dotnet.exe
TpTrace Verbose: 0 : 24384, 4, 2022/08/26, 00:13:46.356, 38372963919298, vstest.console.dll, DotnetDataCollectionLauncher: Adding  --runtimeconfig "C:\Program Files\dotnet\sdk\5.0.401\datacollector.runtimeconfig.json" in args
TpTrace Verbose: 0 : 24384, 4, 2022/08/26, 00:13:46.356, 38372963922903, vstest.console.dll, DotnetDataCollectionLauncher: Adding  --depsfile "C:\Program Files\dotnet\sdk\5.0.401\datacollector.deps.json" in args
TpTrace Information: 0 : 24384, 4, 2022/08/26, 00:13:46.394, 38372964306490, vstest.console.dll, ProxyDataCollectionManager.Initialize: Launched datacollector processId: 26228 port: 54428
TpTrace Information: 0 : 24384, 4, 2022/08/26, 00:13:46.395, 38372964313580, vstest.console.dll, ProxyDataCollectionManager.Initialize: waiting for connection with timeout: 90 seconds
TpTrace Verbose: 0 : 24384, 4, 2022/08/26, 00:13:46.396, 38372964319841, vstest.console.dll, DataCollectionRequestSender.WaitForRequestHandlerConnection : Waiting for connection with timeout: 90000
TpTrace Information: 0 : 24384, 7, 2022/08/26, 00:13:46.843, 38372968794239, vstest.console.dll, Using the buffer size of 16384 bytes
TpTrace Verbose: 0 : 24384, 4, 2022/08/26, 00:13:46.843, 38372968794919, vstest.console.dll, ProxyDataCollectionManager.InvokeDataCollectionServiceAction: Starting.
TpTrace Information: 0 : 24384, 7, 2022/08/26, 00:13:46.844, 38372968797468, vstest.console.dll, Accepted Client request and set the flag
TpTrace Information: 0 : 24384, 4, 2022/08/26, 00:13:46.844, 38372968800737, vstest.console.dll, ProxyDataCollectionManager.BeforeTestRunStart: Get environment variable and port for datacollector processId: 26228 port: 54428
TpTrace Verbose: 0 : 24384, 4, 2022/08/26, 00:13:46.844, 38372968805916, vstest.console.dll, DataCollectionRequestSender.SendBeforeTestRunStartAndGetResult : Send BeforeTestRunStart message with settingsXml <RunSettings><RunConfiguration><ResultsDirectory>D:\Assignment\FeedProducts.Test\bin\Debug\netcoreapp3.1\fine-code-coverage\coverage-tool-output</ResultsDirectory><TargetPlatform>X64</TargetPlatform><TargetFrameworkVersion>.NETCoreApp,Version=v3.1</TargetFrameworkVersion><DesignMode>False</DesignMode><CollectSourceInformation>False</CollectSourceInformation><TestAdaptersPaths>C:\Program Files\dotnet\sdk\5.0.401\Extensions</TestAdaptersPaths></RunConfiguration><LoggerRunSettings><Loggers><Logger friendlyName="blame" enabled="True" /><Logger friendlyName="Console" uri="logger://microsoft/TestPlatform/ConsoleLogger/v1" assemblyQualifiedName="Microsoft.VisualStudio.TestPlatform.CommandLine.Internal.ConsoleLogger, vstest.console, Version=15.0.0.0, Culture=neutral, PublicKeyToken=b03f5f7f11d50a3a" codeBase="C:\Program Files\dotnet\sdk\5.0.401\vstest.console.dll" enabled="True" /></Loggers></LoggerRunSettings><DataCollectionRunSettings><DataCollectors><DataCollector friendlyName="blame" enabled="True"><Configuration><ResultsDirectory>D:\Assignment\FeedProducts.Test\bin\Debug\netcoreapp3.1\fine-code-coverage\coverage-tool-output</ResultsDirectory></Configuration></DataCollector></DataCollectors></DataCollectionRunSettings></RunSettings> and sources System.Linq.Enumerable+Concat2Iterator`1[System.String]: 
TpTrace Verbose: 0 : 24384, 4, 2022/08/26, 00:13:46.992, 38372970278682, vstest.console.dll, DataCollectionRequestSender.SendBeforeTestRunStartAndGetResult : Received message: (DataCollection.SendMessage) -> {
  "FriendlyName": null,
  "Uri": null,
  "TestCaseId": "00000000-0000-0000-0000-000000000000",
  "Message": "Logging DataCollector Diagnostics in file: D:\\Assignment\\FeedProducts.Test\\bin\\Debug\\netcoreapp3.1\\fine-code-coverage\\coverage-tool-output\\diagnostics.datacollector.22-08-26_00-13-46_34739_4.log",
  "Level": 0
}
TpTrace Verbose: 0 : 24384, 4, 2022/08/26, 00:13:47.100, 38372971365427, vstest.console.dll, DataCollectionRequestSender.SendBeforeTestRunStartAndGetResult : Received message: (DataCollection.BeforeTestRunStartResult) -> {
  "EnvironmentVariables": {},
  "DataCollectionEventsPort": 54431
}
TpTrace Information: 0 : 24384, 4, 2022/08/26, 00:13:47.107, 38372971436286, vstest.console.dll, ProxyDataCollectionManager.BeforeTestRunStart: SendBeforeTestRunStartAndGetResult successful, env variable from datacollector:   and testhost port: 54431
TpTrace Information: 0 : 24384, 4, 2022/08/26, 00:13:47.108, 38372971439071, vstest.console.dll, ProxyDataCollectionManager.InvokeDataCollectionServiceAction: Completed.
TpTrace Verbose: 0 : 24384, 1, 2022/08/26, 00:13:47.108, 38372971443433, vstest.console.dll, TestRunRequest.ExecuteAsync: Creating test run request.
TpTrace Verbose: 0 : 24384, 1, 2022/08/26, 00:13:47.109, 38372971449382, vstest.console.dll, TestRunRequest.ExecuteAsync: Starting.
TpTrace Information: 0 : 24384, 1, 2022/08/26, 00:13:47.109, 38372971455775, vstest.console.dll, TestRunRequest.ExecuteAsync: Starting run with settings:TestRunCriteria:
   KeepAlive=False,FrequencyOfRunStatsChangeEvent=10,RunStatsChangeEventTimeout=00:00:01.5000000,TestCaseFilter=,TestExecutorLauncher=
   Settingsxml=<RunSettings>
  <RunConfiguration>
    <ResultsDirectory>D:\Assignment\FeedProducts.Test\bin\Debug\netcoreapp3.1\fine-code-coverage\coverage-tool-output</ResultsDirectory>
    <TargetPlatform>X64</TargetPlatform>
    <TargetFrameworkVersion>.NETCoreApp,Version=v3.1</TargetFrameworkVersion>
    <DesignMode>False</DesignMode>
    <CollectSourceInformation>False</CollectSourceInformation>
  </RunConfiguration>
  <LoggerRunSettings>
    <Loggers>
      <Logger friendlyName="blame" enabled="True" />
      <Logger friendlyName="Console" uri="logger://microsoft/TestPlatform/ConsoleLogger/v1" assemblyQualifiedName="Microsoft.VisualStudio.TestPlatform.CommandLine.Internal.ConsoleLogger, vstest.console, Version=15.0.0.0, Culture=neutral, PublicKeyToken=b03f5f7f11d50a3a" codeBase="C:\Program Files\dotnet\sdk\5.0.401\vstest.console.dll" enabled="True" />
    </Loggers>
  </LoggerRunSettings>
  <DataCollectionRunSettings>
    <DataCollectors>
      <DataCollector friendlyName="blame" enabled="True">
        <Configuration>
          <ResultsDirectory>D:\Assignment\FeedProducts.Test\bin\Debug\netcoreapp3.1\fine-code-coverage\coverage-tool-output</ResultsDirectory>
        </Configuration>
      </DataCollector>
    </DataCollectors>
  </DataCollectionRunSettings>
</RunSettings>

TpTrace Verbose: 0 : 24384, 1, 2022/08/26, 00:13:47.110, 38372971458279, vstest.console.dll, TestRunRequest.ExecuteAsync: Wait for the first run request is over.
TpTrace Verbose: 0 : 24384, 1, 2022/08/26, 00:13:47.110, 38372971466231, vstest.console.dll, ParallelProxyExecutionManager: Start execution. Total sources: 1
TpTrace Information: 0 : 24384, 1, 2022/08/26, 00:13:47.112, 38372971478061, vstest.console.dll, ProxyParallelExecutionManager: Triggering test run for next source: D:\Assignment\FeedProducts.Test\bin\Debug\netcoreapp3.1\fine-code-coverage\build-output\FeedProducts.Test.dll
TpTrace Verbose: 0 : 24384, 4, 2022/08/26, 00:13:47.112, 38372971482203, vstest.console.dll, ParallelProxyExecutionManager: Execution started. Started clients: 1
TpTrace Verbose: 0 : 24384, 1, 2022/08/26, 00:13:47.112, 38372971483117, vstest.console.dll, ProxyParallelExecutionManager: No sources available for execution.
TpTrace Information: 0 : 24384, 1, 2022/08/26, 00:13:47.113, 38372971487349, vstest.console.dll, TestRunRequest.ExecuteAsync: Started.
TpTrace Verbose: 0 : 24384, 4, 2022/08/26, 00:13:47.113, 38372971489219, vstest.console.dll, TestRunRequest:SendTestRunMessage: Starting.
TpTrace Verbose: 0 : 24384, 1, 2022/08/26, 00:13:47.113, 38372971489901, vstest.console.dll, TestRunRequest.WaitForCompletion: Waiting with timeout -1.
TpTrace Information: 0 : 24384, 4, 2022/08/26, 00:13:47.113, 38372971493450, vstest.console.dll, TestRunRequest:SendTestRunMessage: Completed.
TpTrace Verbose: 0 : 24384, 4, 2022/08/26, 00:13:47.114, 38372971497491, vstest.console.dll, ProxyExecutionManager: Test host is always Lazy initialize.
TpTrace Verbose: 0 : 24384, 4, 2022/08/26, 00:13:47.114, 38372971501686, vstest.console.dll, TestRequestSender.InitializeCommunication: initialize communication. 
TpTrace Information: 0 : 24384, 4, 2022/08/26, 00:13:47.115, 38372971510661, vstest.console.dll, SocketServer.Start: Listening on endpoint : 127.0.0.1:54432
TpTrace Verbose: 0 : 24384, 4, 2022/08/26, 00:13:47.116, 38372971524587, vstest.console.dll, DotnetTestHostmanager: Adding  --runtimeconfig "D:\Assignment\FeedProducts.Test\bin\Debug\netcoreapp3.1\fine-code-coverage\build-output\FeedProducts.Test.runtimeconfig.json" in args
TpTrace Verbose: 0 : 24384, 4, 2022/08/26, 00:13:47.117, 38372971527793, vstest.console.dll, DotnetTestHostmanager: Adding  --depsfile "D:\Assignment\FeedProducts.Test\bin\Debug\netcoreapp3.1\fine-code-coverage\build-output\FeedProducts.Test.deps.json" in args
TpTrace Verbose: 0 : 24384, 4, 2022/08/26, 00:13:47.117, 38372971532758, vstest.console.dll, DotnetTestHostManager: Testhost.exe/testhost.x86.exe found at path: D:\Assignment\FeedProducts.Test\bin\Debug\netcoreapp3.1\fine-code-coverage\build-output\testhost.exe
TpTrace Verbose: 0 : 24384, 4, 2022/08/26, 00:13:47.117, 38372971535377, vstest.console.dll, DotnetTestHostmanager: Full path of host exe is D:\Assignment\FeedProducts.Test\bin\Debug\netcoreapp3.1\fine-code-coverage\build-output\testhost.exe
TpTrace Verbose: 0 : 24384, 6, 2022/08/26, 00:13:47.119, 38372971552883, vstest.console.dll, DotnetTestHostManager: Starting process 'D:\Assignment\FeedProducts.Test\bin\Debug\netcoreapp3.1\fine-code-coverage\build-output\testhost.exe' with command line ' --runtimeconfig "D:\Assignment\FeedProducts.Test\bin\Debug\netcoreapp3.1\fine-code-coverage\build-output\FeedProducts.Test.runtimeconfig.json" --depsfile "D:\Assignment\FeedProducts.Test\bin\Debug\netcoreapp3.1\fine-code-coverage\build-output\FeedProducts.Test.deps.json" --port 54432 --endpoint 127.0.0.1:054432 --role client --parentprocessid 24384 --diag "D:\Assignment\FeedProducts.Test\bin\Debug\netcoreapp3.1\fine-code-coverage\coverage-tool-output\diagnostics.host.22-08-26_00-13-47_11617_4.log" --tracelevel 4 --datacollectionport 54431 --telemetryoptedin false'
TpTrace Verbose: 0 : 24384, 6, 2022/08/26, 00:13:47.141, 38372971775263, vstest.console.dll, Test Runtime launched
TpTrace Verbose: 0 : 24384, 4, 2022/08/26, 00:13:47.143, 38372971786996, vstest.console.dll, TestRequestSender.WaitForRequestHandlerConnection: waiting for connection with timeout: 90000
TpTrace Verbose: 0 : 24384, 6, 2022/08/26, 00:13:47.468, 38372975045941, vstest.console.dll, SocketServer.OnClientConnected: Client connected for endPoint: 127.0.0.1:54432, starting MessageLoopAsync:
TpTrace Verbose: 0 : 24384, 14, 2022/08/26, 00:13:47.469, 38372975052080, vstest.console.dll, TcpClientExtensions.MessageLoopAsync: Polling on remoteEndPoint: 127.0.0.1:54433 localEndPoint: 127.0.0.1:54432
TpTrace Verbose: 0 : 24384, 14, 2022/08/26, 00:13:47.717, 38372977531884, vstest.console.dll, TcpClientExtensions.MessageLoopAsync: NotifyDataAvailable remoteEndPoint: 127.0.0.1:54433 localEndPoint: 127.0.0.1:54432
TpTrace Verbose: 0 : 24384, 14, 2022/08/26, 00:13:47.717, 38372977536094, vstest.console.dll, TestRequestSender.CheckVersionWithTestHost: onMessageReceived received message: (ProtocolVersion) -> 5
TpTrace Verbose: 0 : 24384, 14, 2022/08/26, 00:13:47.718, 38372977542805, vstest.console.dll, TcpClientExtensions.MessageLoopAsync: Polling on remoteEndPoint: 127.0.0.1:54433 localEndPoint: 127.0.0.1:54432
TpTrace Verbose: 0 : 24384, 4, 2022/08/26, 00:13:47.718, 38372977544791, vstest.console.dll, TestPluginCache.GetExtensionPaths: Filtered extension paths: 
TpTrace Verbose: 0 : 24384, 4, 2022/08/26, 00:13:47.719, 38372977546750, vstest.console.dll, TestPluginCache.GetExtensionPaths: Added default extension paths: C:\Program Files\dotnet\sdk\5.0.401\Extensions\Microsoft.Diagnostics.NETCore.Client.dll
C:\Program Files\dotnet\sdk\5.0.401\Extensions\Microsoft.TestPlatform.Extensions.BlameDataCollector.dll
C:\Program Files\dotnet\sdk\5.0.401\Extensions\Microsoft.TestPlatform.Extensions.EventLogCollector.dll
C:\Program Files\dotnet\sdk\5.0.401\Extensions\Microsoft.TestPlatform.TestHostRuntimeProvider.dll
C:\Program Files\dotnet\sdk\5.0.401\Extensions\Microsoft.VisualStudio.TestPlatform.Extensions.Html.TestLogger.dll
C:\Program Files\dotnet\sdk\5.0.401\Extensions\Microsoft.VisualStudio.TestPlatform.Extensions.Trx.TestLogger.dll
TpTrace Verbose: 0 : 24384, 4, 2022/08/26, 00:13:47.719, 38372977548214, vstest.console.dll, TestPluginCache.GetExtensionPaths: Added unfilterableExtensionPaths: 
TpTrace Verbose: 0 : 24384, 4, 2022/08/26, 00:13:47.723, 38372977591321, vstest.console.dll, TestRequestSender.InitializeExecution: Sending initializing execution with message: {"Version":5,"MessageType":"TestExecution.Initialize","Payload":["D:\\Assignment\\FeedProducts.Test\\bin\\Debug\\netcoreapp3.1\\fine-code-coverage\\build-output\\xunit.runner.visualstudio.dotnetcore.testadapter.dll"]}
TpTrace Verbose: 0 : 24384, 4, 2022/08/26, 00:13:47.732, 38372977686285, vstest.console.dll, TestRequestSender.StartTestRun: Sending test run with message: {"Version":5,"MessageType":"TestExecution.StartWithSources","Payload":{"AdapterSourceMap":{"_none_":["D:\\Assignment\\FeedProducts.Test\\bin\\Debug\\netcoreapp3.1\\fine-code-coverage\\build-output\\FeedProducts.Test.dll"]},"RunSettings":"<RunSettings>\r\n  <RunConfiguration>\r\n    <ResultsDirectory>D:\\Assignment\\FeedProducts.Test\\bin\\Debug\\netcoreapp3.1\\fine-code-coverage\\coverage-tool-output</ResultsDirectory>\r\n    <TargetPlatform>X64</TargetPlatform>\r\n    <TargetFrameworkVersion>.NETCoreApp,Version=v3.1</TargetFrameworkVersion>\r\n    <DesignMode>False</DesignMode>\r\n    <CollectSourceInformation>False</CollectSourceInformation>\r\n  </RunConfiguration>\r\n  <LoggerRunSettings>\r\n    <Loggers>\r\n      <Logger friendlyName=\"blame\" enabled=\"True\" />\r\n      <Logger friendlyName=\"Console\" uri=\"logger://microsoft/TestPlatform/ConsoleLogger/v1\" assemblyQualifiedName=\"Microsoft.VisualStudio.TestPlatform.CommandLine.Internal.ConsoleLogger, vstest.console, Version=15.0.0.0, Culture=neutral, PublicKeyToken=b03f5f7f11d50a3a\" codeBase=\"C:\\Program Files\\dotnet\\sdk\\5.0.401\\vstest.console.dll\" enabled=\"True\" />\r\n    </Loggers>\r\n  </LoggerRunSettings>\r\n  <DataCollectionRunSettings>\r\n    <DataCollectors>\r\n      <DataCollector friendlyName=\"blame\" enabled=\"True\">\r\n        <Configuration>\r\n          <ResultsDirectory>D:\\Assignment\\FeedProducts.Test\\bin\\Debug\\netcoreapp3.1\\fine-code-coverage\\coverage-tool-output</ResultsDirectory>\r\n        </Configuration>\r\n      </DataCollector>\r\n    </DataCollectors>\r\n  </DataCollectionRunSettings>\r\n</RunSettings>","TestExecutionContext":{"FrequencyOfRunStatsChangeEvent":10,"RunStatsChangeEventTimeout":"00:00:01.5000000","InIsolation":false,"KeepAlive":false,"AreTestCaseLevelEventsRequired":false,"IsDebug":false,"TestCaseFilter":null,"FilterOptions":null},"Package":null}}
TpTrace Verbose: 0 : 24384, 14, 2022/08/26, 00:13:47.733, 38372977690584, vstest.console.dll, TcpClientExtensions.MessageLoopAsync: NotifyDataAvailable remoteEndPoint: 127.0.0.1:54433 localEndPoint: 127.0.0.1:54432
TpTrace Verbose: 0 : 24384, 14, 2022/08/26, 00:13:47.733, 38372977693904, vstest.console.dll, TestRequestSender.OnExecutionMessageReceived: Received message: {"Version":5,"MessageType":"TestSession.Message","Payload":{"MessageLevel":0,"Message":"Logging TestHost Diagnostics in file: D:\\Assignment\\FeedProducts.Test\\bin\\Debug\\netcoreapp3.1\\fine-code-coverage\\coverage-tool-output\\diagnostics.host.22-08-26_00-13-47_11617_4.log"}}
TpTrace Verbose: 0 : 24384, 14, 2022/08/26, 00:13:47.737, 38372977728365, vstest.console.dll, TestRunRequest:SendTestRunMessage: Starting.
TpTrace Information: 0 : 24384, 14, 2022/08/26, 00:13:47.737, 38372977731618, vstest.console.dll, TestRunRequest:SendTestRunMessage: Completed.
TpTrace Verbose: 0 : 24384, 14, 2022/08/26, 00:13:47.737, 38372977733908, vstest.console.dll, TcpClientExtensions.MessageLoopAsync: Polling on remoteEndPoint: 127.0.0.1:54433 localEndPoint: 127.0.0.1:54432
TpTrace Verbose: 0 : 24384, 14, 2022/08/26, 00:13:47.964, 38372980003094, vstest.console.dll, TcpClientExtensions.MessageLoopAsync: NotifyDataAvailable remoteEndPoint: 127.0.0.1:54433 localEndPoint: 127.0.0.1:54432
TpTrace Verbose: 0 : 24384, 14, 2022/08/26, 00:13:47.964, 38372980005588, vstest.console.dll, TestRequestSender.OnExecutionMessageReceived: Received message: {"Version":5,"MessageType":"TestSession.Message","Payload":{"MessageLevel":0,"Message":"[xUnit.net 00:00:00.00] xUnit.net VSTest Adapter v2.4.3+1b45f5407b (64-bit .NET Core 3.1.19)"}}
TpTrace Verbose: 0 : 24384, 14, 2022/08/26, 00:13:47.969, 38372980048255, vstest.console.dll, TestRunRequest:SendTestRunMessage: Starting.
TpTrace Information: 0 : 24384, 14, 2022/08/26, 00:13:47.969, 38372980050788, vstest.console.dll, TestRunRequest:SendTestRunMessage: Completed.
TpTrace Verbose: 0 : 24384, 14, 2022/08/26, 00:13:47.969, 38372980052592, vstest.console.dll, TcpClientExtensions.MessageLoopAsync: Polling on remoteEndPoint: 127.0.0.1:54433 localEndPoint: 127.0.0.1:54432
TpTrace Verbose: 0 : 24384, 14, 2022/08/26, 00:13:48.662, 38372986983882, vstest.console.dll, TcpClientExtensions.MessageLoopAsync: NotifyDataAvailable remoteEndPoint: 127.0.0.1:54433 localEndPoint: 127.0.0.1:54432
TpTrace Verbose: 0 : 24384, 14, 2022/08/26, 00:13:48.662, 38372986986520, vstest.console.dll, TestRequestSender.OnExecutionMessageReceived: Received message: {"Version":5,"MessageType":"TestSession.Message","Payload":{"MessageLevel":0,"Message":"[xUnit.net 00:00:00.70]   Discovering: FeedProducts.Test"}}
TpTrace Verbose: 0 : 24384, 14, 2022/08/26, 00:13:48.663, 38372986990635, vstest.console.dll, TestRunRequest:SendTestRunMessage: Starting.
TpTrace Information: 0 : 24384, 14, 2022/08/26, 00:13:48.663, 38372986992481, vstest.console.dll, TestRunRequest:SendTestRunMessage: Completed.
TpTrace Verbose: 0 : 24384, 14, 2022/08/26, 00:13:48.663, 38372986994007, vstest.console.dll, TcpClientExtensions.MessageLoopAsync: Polling on remoteEndPoint: 127.0.0.1:54433 localEndPoint: 127.0.0.1:54432
TpTrace Verbose: 0 : 24384, 14, 2022/08/26, 00:13:48.713, 38372987487483, vstest.console.dll, TcpClientExtensions.MessageLoopAsync: NotifyDataAvailable remoteEndPoint: 127.0.0.1:54433 localEndPoint: 127.0.0.1:54432
TpTrace Verbose: 0 : 24384, 14, 2022/08/26, 00:13:48.713, 38372987490080, vstest.console.dll, TestRequestSender.OnExecutionMessageReceived: Received message: {"Version":5,"MessageType":"TestSession.Message","Payload":{"MessageLevel":0,"Message":"[xUnit.net 00:00:00.75]   Discovered:  FeedProducts.Test"}}
TpTrace Verbose: 0 : 24384, 14, 2022/08/26, 00:13:48.713, 38372987493064, vstest.console.dll, TestRunRequest:SendTestRunMessage: Starting.
TpTrace Information: 0 : 24384, 14, 2022/08/26, 00:13:48.713, 38372987494971, vstest.console.dll, TestRunRequest:SendTestRunMessage: Completed.
TpTrace Verbose: 0 : 24384, 14, 2022/08/26, 00:13:48.713, 38372987496641, vstest.console.dll, TcpClientExtensions.MessageLoopAsync: Polling on remoteEndPoint: 127.0.0.1:54433 localEndPoint: 127.0.0.1:54432
TpTrace Verbose: 0 : 24384, 14, 2022/08/26, 00:13:48.716, 38372987523803, vstest.console.dll, TcpClientExtensions.MessageLoopAsync: NotifyDataAvailable remoteEndPoint: 127.0.0.1:54433 localEndPoint: 127.0.0.1:54432
TpTrace Verbose: 0 : 24384, 14, 2022/08/26, 00:13:48.716, 38372987526523, vstest.console.dll, TestRequestSender.OnExecutionMessageReceived: Received message: {"Version":5,"MessageType":"TestSession.Message","Payload":{"MessageLevel":0,"Message":"[xUnit.net 00:00:00.75]   Starting:    FeedProducts.Test"}}
TpTrace Verbose: 0 : 24384, 14, 2022/08/26, 00:13:48.717, 38372987529621, vstest.console.dll, TestRunRequest:SendTestRunMessage: Starting.
TpTrace Information: 0 : 24384, 14, 2022/08/26, 00:13:48.717, 38372987531908, vstest.console.dll, TestRunRequest:SendTestRunMessage: Completed.
TpTrace Verbose: 0 : 24384, 14, 2022/08/26, 00:13:48.717, 38372987533841, vstest.console.dll, TcpClientExtensions.MessageLoopAsync: Polling on remoteEndPoint: 127.0.0.1:54433 localEndPoint: 127.0.0.1:54432
TpTrace Verbose: 0 : 24384, 14, 2022/08/26, 00:13:49.047, 38372990832854, vstest.console.dll, TcpClientExtensions.MessageLoopAsync: NotifyDataAvailable remoteEndPoint: 127.0.0.1:54433 localEndPoint: 127.0.0.1:54432
TpTrace Verbose: 0 : 24384, 14, 2022/08/26, 00:13:49.047, 38372990836335, vstest.console.dll, TestRequestSender.OnExecutionMessageReceived: Received message: {"Version":5,"MessageType":"TestSession.Message","Payload":{"MessageLevel":0,"Message":"[xUnit.net 00:00:01.08]   Finished:    FeedProducts.Test"}}
TpTrace Verbose: 0 : 24384, 14, 2022/08/26, 00:13:49.048, 38372990841584, vstest.console.dll, TestRunRequest:SendTestRunMessage: Starting.
TpTrace Information: 0 : 24384, 14, 2022/08/26, 00:13:49.048, 38372990844278, vstest.console.dll, TestRunRequest:SendTestRunMessage: Completed.
TpTrace Verbose: 0 : 24384, 14, 2022/08/26, 00:13:49.048, 38372990846330, vstest.console.dll, TcpClientExtensions.MessageLoopAsync: Polling on remoteEndPoint: 127.0.0.1:54433 localEndPoint: 127.0.0.1:54432
TpTrace Verbose: 0 : 24384, 14, 2022/08/26, 00:13:49.103, 38372991387764, vstest.console.dll, TcpClientExtensions.MessageLoopAsync: NotifyDataAvailable remoteEndPoint: 127.0.0.1:54433 localEndPoint: 127.0.0.1:54432
TpTrace Verbose: 0 : 24384, 14, 2022/08/26, 00:13:49.103, 38372991391810, vstest.console.dll, TestRequestSender.OnExecutionMessageReceived: Received message: {"Version":5,"MessageType":"TestExecution.Completed","Payload":{"TestRunCompleteArgs":{"TestRunStatistics":{"ExecutedTests":5,"Stats":{"Passed":5}},"IsCanceled":false,"IsAborted":false,"Error":null,"AttachmentSets":[],"ElapsedTimeInRunningTests":"00:00:01.1031756","Metrics":{}},"LastRunTests":{"NewTestResults":[{"TestCase":{"Id":"3a179bc6-3200-6f4c-79e4-89dbe101b764","FullyQualifiedName":"FeedProducts.Test.FileFactoryTest.GetFileReader_InvalidFileType","DisplayName":"FeedProducts.Test.FileFactoryTest.GetFileReader_InvalidFileType","ExecutorUri":"executor://xunit/VsTestRunner2/netcoreapp","Source":"D:\\Assignment\\FeedProducts.Test\\bin\\Debug\\netcoreapp3.1\\fine-code-coverage\\build-output\\FeedProducts.Test.dll","CodeFilePath":null,"LineNumber":0,"Properties":[]},"Attachments":[],"Outcome":1,"ErrorMessage":null,"ErrorStackTrace":null,"DisplayName":"FeedProducts.Test.FileFactoryTest.GetFileReader_InvalidFileType","Messages":[],"ComputerName":"CCAP-NBHARDWAJ","Duration":"00:00:00.1746427","StartTime":"2022-08-25T18:43:49.004748+00:00","EndTime":"2022-08-25T18:43:49.0048482+00:00","Properties":[]},{"TestCase":{"Id":"570ec561-c622-274b-dbe2-eee699c6ec6c","FullyQualifiedName":"FeedProducts.Test.CapterraYamlReaderTest.ReadFile_Execute","DisplayName":"FeedProducts.Test.CapterraYamlReaderTest.ReadFile_Execute","ExecutorUri":"executor://xunit/VsTestRunner2/netcoreapp","Source":"D:\\Assignment\\FeedProducts.Test\\bin\\Debug\\netcoreapp3.1\\fine-code-coverage\\build-output\\FeedProducts.Test.dll","CodeFilePath":null,"LineNumber":0,"Properties":[]},"Attachments":[],"Outcome":1,"ErrorMessage":null,"ErrorStackTrace":null,"DisplayName":"FeedProducts.Test.CapterraYamlReaderTest.ReadFile_Execute","Messages":[],"ComputerName":"CCAP-NBHARDWAJ","Duration":"00:00:00.1763723","StartTime":"2022-08-25T18:43:49.0312623+00:00","EndTime":"2022-08-25T18:43:49.0312638+00:00","Properties":[]},{"TestCase":{"Id":"6f15cacc-03c4-cc17-ee02-0c5ae6e8f1c2","FullyQualifiedName":"FeedProducts.Test.SoftwareAdviceReaderTest.ReadFile_Execute","DisplayName":"FeedProducts.Test.SoftwareAdviceReaderTest.ReadFile_Execute","ExecutorUri":"executor://xunit/VsTestRunner2/netcoreapp","Source":"D:\\Assignment\\FeedProducts.Test\\bin\\Debug\\netcoreapp3.1\\fine-code-coverage\\build-output\\FeedProducts.Test.dll","CodeFilePath":null,"LineNumber":0,"Properties":[]},"Attachments":[],"Outcome":1,"ErrorMessage":null,"ErrorStackTrace":null,"DisplayName":"FeedProducts.Test.SoftwareAdviceReaderTest.ReadFile_Execute","Messages":[],"ComputerName":"CCAP-NBHARDWAJ","Duration":"00:00:00.1768825","StartTime":"2022-08-25T18:43:49.0332112+00:00","EndTime":"2022-08-25T18:43:49.0332118+00:00","Properties":[]},{"TestCase":{"Id":"c715fd7f-ef07-7d93-090a-4c63b553b1b5","FullyQualifiedName":"FeedProducts.Test.FileFactoryTest.GetFileReader_ReturnJsonReader","DisplayName":"FeedProducts.Test.FileFactoryTest.GetFileReader_ReturnJsonReader","ExecutorUri":"executor://xunit/VsTestRunner2/netcoreapp","Source":"D:\\Assignment\\FeedProducts.Test\\bin\\Debug\\netcoreapp3.1\\fine-code-coverage\\build-output\\FeedProducts.Test.dll","CodeFilePath":null,"LineNumber":0,"Properties":[]},"Attachments":[],"Outcome":1,"ErrorMessage":null,"ErrorStackTrace":null,"DisplayName":"FeedProducts.Test.FileFactoryTest.GetFileReader_ReturnJsonReader","Messages":[],"ComputerName":"CCAP-NBHARDWAJ","Duration":"00:00:00.0016070","StartTime":"2022-08-25T18:43:49.0394521+00:00","EndTime":"2022-08-25T18:43:49.0394551+00:00","Properties":[]},{"TestCase":{"Id":"cc2b6110-f12d-d18a-525d-ba0025e9101d","FullyQualifiedName":"FeedProducts.Test.FileFactoryTest.GetFileReader_ReturnYamlReader","DisplayName":"FeedProducts.Test.FileFactoryTest.GetFileReader_ReturnYamlReader","ExecutorUri":"executor://xunit/VsTestRunner2/netcoreapp","Source":"D:\\Assignment\\FeedProducts.Test\\bin\\Debug\\netcoreapp3.1\\fine-code-coverage\\build-output\\FeedProducts.Test.dll","CodeFilePath":null,"LineNumber":0,"Properties":[]},"Attachments":[],"Outcome":1,"ErrorMessage":null,"ErrorStackTrace":null,"DisplayName":"FeedProducts.Test.FileFactoryTest.GetFileReader_ReturnYamlReader","Messages":[],"ComputerName":"CCAP-NBHARDWAJ","Duration":"00:00:00.0008917","StartTime":"2022-08-25T18:43:49.0428069+00:00","EndTime":"2022-08-25T18:43:49.0428086+00:00","Properties":[]}],"TestRunStatistics":{"ExecutedTests":5,"Stats":{"Passed":5}},"ActiveTests":[]},"RunAttachments":[],"ExecutorUris":["executor://xunit/VsTestRunner2/netcoreapp"]}}
TpTrace Verbose: 0 : 24384, 14, 2022/08/26, 00:13:49.107, 38372991431128, vstest.console.dll, TestRequestSender.EndSession: Sending end session.
TpTrace Verbose: 0 : 24384, 14, 2022/08/26, 00:13:49.107, 38372991433904, vstest.console.dll, ProxyOperationManager.Close: waiting for test host to exit for 100 ms
TpTrace Warning: 0 : 24384, 10, 2022/08/26, 00:13:49.136, 38372991718778, vstest.console.dll, TestHostManagerCallbacks.ErrorReceivedCallback Test host standard error line: 
TpTrace Verbose: 0 : 24384, 7, 2022/08/26, 00:13:49.154, 38372991897470, vstest.console.dll, TestHostProvider.ExitCallBack: Host exited starting callback.
TpTrace Information: 0 : 24384, 7, 2022/08/26, 00:13:49.155, 38372991907486, vstest.console.dll, TestHostManagerCallbacks.ExitCallBack: Testhost processId: 17636 exited with exitcode: 0 error: ''
TpTrace Verbose: 0 : 24384, 7, 2022/08/26, 00:13:49.155, 38372991910060, vstest.console.dll, DotnetTestHostManager.OnHostExited: invoking OnHostExited callback
TpTrace Verbose: 0 : 24384, 7, 2022/08/26, 00:13:49.155, 38372991912397, vstest.console.dll, CrossPlatEngine.TestHostManagerHostExited: calling on client process exit callback.
TpTrace Information: 0 : 24384, 7, 2022/08/26, 00:13:49.155, 38372991914693, vstest.console.dll, TestRequestSender.OnClientProcessExit: Test host process exited. Standard error: 
TpTrace Warning: 0 : 24384, 14, 2022/08/26, 00:13:49.155, 38372991915408, vstest.console.dll, ProxyOperationManager: Timed out waiting for test host to exit. Will terminate process.
TpTrace Information: 0 : 24384, 7, 2022/08/26, 00:13:49.156, 38372991917233, vstest.console.dll, SocketServer.Stop: Stop server endPoint: 127.0.0.1:54432
TpTrace Information: 0 : 24384, 7, 2022/08/26, 00:13:49.156, 38372991921773, vstest.console.dll, SocketServer.Stop: Cancellation requested. Stopping message loop.
TpTrace Verbose: 0 : 24384, 14, 2022/08/26, 00:13:49.157, 38372991931821, vstest.console.dll, ProxyDataCollectionManager.InvokeDataCollectionServiceAction: Starting.
TpTrace Information: 0 : 24384, 14, 2022/08/26, 00:13:49.157, 38372991933917, vstest.console.dll, ProxyDataCollectionManager.AfterTestRunEnd: Get attachment set for datacollector processId: 26228 port: 54428
TpTrace Verbose: 0 : 24384, 14, 2022/08/26, 00:13:49.157, 38372991935848, vstest.console.dll, DataCollectionRequestSender.SendAfterTestRunStartAndGetResult : Send AfterTestRunEnd message with isCancelled: False
TpTrace Verbose: 0 : 24384, 14, 2022/08/26, 00:13:49.164, 38372992000535, vstest.console.dll, DataCollectionRequestSender.SendAfterTestRunStartAndGetResult : Received message: (DataCollection.AfterTestRunEndResult) -> {
  "AttachmentSets": [],
  "Metrics": {}
}
TpTrace Information: 0 : 24384, 14, 2022/08/26, 00:13:49.168, 38372992038651, vstest.console.dll, ProxyDataCollectionManager.InvokeDataCollectionServiceAction: Completed.
TpTrace Warning: 0 : 24384, 9, 2022/08/26, 00:13:49.172, 38372992077479, vstest.console.dll, DataCollectionLauncher.ErrorReceivedCallback datacollector standard error line: 
TpTrace Information: 0 : 24384, 7, 2022/08/26, 00:13:49.179, 38372992148833, vstest.console.dll, DataCollectionLauncher.ExitCallBack: Data collector exited with exitcode: 0 error: ''
TpTrace Verbose: 0 : 24384, 14, 2022/08/26, 00:13:49.224, 38372992597641, vstest.console.dll, TestRunRequest:SendTestRunStatsChange: Starting.
TpTrace Information: 0 : 24384, 14, 2022/08/26, 00:13:49.224, 38372992601486, vstest.console.dll, TestRunRequest:SendTestRunStatsChange: Completed.
TpTrace Verbose: 0 : 24384, 14, 2022/08/26, 00:13:49.224, 38372992605067, vstest.console.dll, ParallelProxyExecutionManager: HandlePartialRunComplete: Total completed clients = 1, Run complete = True, Run canceled: False.
TpTrace Verbose: 0 : 24384, 14, 2022/08/26, 00:13:49.255, 38372992912492, vstest.console.dll, TestRunRequest:TestRunComplete: Starting. IsAborted:False IsCanceled:False.
TpTrace Verbose: 0 : 24384, 14, 2022/08/26, 00:13:49.256, 38372992918026, vstest.console.dll, TestLoggerManager.HandleTestRunComplete: Ignoring as the object is disposed.
TpTrace Information: 0 : 24384, 14, 2022/08/26, 00:13:49.256, 38372992924103, vstest.console.dll, TestRunRequest:TestRunComplete: Completed.
TpTrace Verbose: 0 : 24384, 1, 2022/08/26, 00:13:49.256, 38372992925085, vstest.console.dll, TestRunRequest.Dispose: Starting.
TpTrace Verbose: 0 : 24384, 14, 2022/08/26, 00:13:49.256, 38372992926082, vstest.console.dll, TestRequestSender.SetOperationComplete: Setting operation complete.
TpTrace Information: 0 : 24384, 1, 2022/08/26, 00:13:49.257, 38372992928249, vstest.console.dll, TestRunRequest.Dispose: Completed.
TpTrace Information: 0 : 24384, 14, 2022/08/26, 00:13:49.257, 38372992929895, vstest.console.dll, SocketServer.Stop: Stop server endPoint: 127.0.0.1:54432
TpTrace Information: 0 : 24384, 1, 2022/08/26, 00:13:49.257, 38372992931673, vstest.console.dll, TestRequestManager.RunTests: run tests completed.
TpTrace Information: 0 : 24384, 14, 2022/08/26, 00:13:49.257, 38372992933258, vstest.console.dll, SocketServer.Stop: Cancellation requested. Stopping message loop.
TpTrace Information: 0 : 24384, 1, 2022/08/26, 00:13:49.257, 38372992935815, vstest.console.dll, RunTestsArgumentProcessor:Execute: Test run is completed.
TpTrace Information: 0 : 24384, 14, 2022/08/26, 00:13:49.258, 38372992936917, vstest.console.dll, SocketServer.PrivateStop: Stop server endPoint: 127.0.0.1:54432 error: 
TpTrace Verbose: 0 : 24384, 1, 2022/08/26, 00:13:49.258, 38372992940358, vstest.console.dll, Executor.Execute: Exiting with exit code of 0
TpTrace Verbose: 0 : 24384, 14, 2022/08/26, 00:13:49.259, 38372992948358, vstest.console.dll, LengthPrefixCommunicationChannel.Dispose: Dispose reader and writer.
TpTrace Information: 0 : 24384, 14, 2022/08/26, 00:13:49.259, 38372992951141, vstest.console.dll, SocketServer.Stop: Raise disconnected event endPoint: 127.0.0.1:54432 error: 
TpTrace Verbose: 0 : 24384, 14, 2022/08/26, 00:13:49.259, 38372992953124, vstest.console.dll, TestRequestSender: OnTestRunAbort: Operation is already complete. Skip error message.
TpTrace Verbose: 0 : 24384, 14, 2022/08/26, 00:13:49.259, 38372992954662, vstest.console.dll, TcpClientExtensions.MessageLoopAsync: exiting MessageLoopAsync remoteEndPoint: 127.0.0.1:54433 localEndPoint: 127.0.0.1:54432
